[MASTER] 08:10:16.293 [pool-2-thread-1] ERROR ConcreteClassAnalyzer - Problem for retrofit2.SkipCallbackExecutorImpl. Class not found: retrofit2.RequestFactoryTest$NonNull
java.lang.NoClassDefFoundError: retrofit2/RequestFactoryTest
	at java.lang.Class.getDeclaringClass0(Native Method) ~[na:1.8.0_332]
	at java.lang.Class.getDeclaringClass(Class.java:1235) ~[na:1.8.0_332]
	at java.lang.Class.getEnclosingClass(Class.java:1277) ~[na:1.8.0_332]
	at java.lang.Class.getSimpleBinaryName(Class.java:1471) ~[na:1.8.0_332]
	at java.lang.Class.getSimpleNameImpl(Class.java:1323) ~[na:1.8.0_332]
	at java.lang.Class.getSimpleName(Class.java:1308) ~[na:1.8.0_332]
	at java.lang.Class.isAnonymousClass(Class.java:1439) ~[na:1.8.0_332]
	at org.evosuite.setup.TestUsageChecker.canUse(TestUsageChecker.java:155) ~[evosuite-1.0.6%20(1).jar:1.0.6]
	at org.evosuite.setup.ConcreteClassAnalyzer.getConcreteClassesImpl(ConcreteClassAnalyzer.java:133) [evosuite-1.0.6%20(1).jar:1.0.6]
	at org.evosuite.setup.ConcreteClassAnalyzer.getConcreteClasses(ConcreteClassAnalyzer.java:61) [evosuite-1.0.6%20(1).jar:1.0.6]
	at org.evosuite.setup.TestClusterGenerator.addDependency(TestClusterGenerator.java:878) [evosuite-1.0.6%20(1).jar:1.0.6]
	at org.evosuite.setup.TestClusterGenerator.addCastClassDependencyIfAccessible(TestClusterGenerator.java:313) [evosuite-1.0.6%20(1).jar:1.0.6]
	at org.evosuite.setup.TestClusterGenerator.handleCastClasses(TestClusterGenerator.java:249) [evosuite-1.0.6%20(1).jar:1.0.6]
	at org.evosuite.setup.TestClusterGenerator.generateCluster(TestClusterGenerator.java:131) [evosuite-1.0.6%20(1).jar:1.0.6]
	at org.evosuite.setup.DependencyAnalysis.analyze(DependencyAnalysis.java:118) [evosuite-1.0.6%20(1).jar:1.0.6]
	at org.evosuite.setup.DependencyAnalysis.analyzeClass(DependencyAnalysis.java:132) [evosuite-1.0.6%20(1).jar:1.0.6]
	at org.evosuite.TestSuiteGenerator.initializeTargetClass(TestSuiteGenerator.java:110) [evosuite-1.0.6%20(1).jar:1.0.6]
	at org.evosuite.TestSuiteGenerator.generateTestSuite(TestSuiteGenerator.java:130) [evosuite-1.0.6%20(1).jar:1.0.6]
	at org.evosuite.rmi.service.ClientNodeImpl$1.run(ClientNodeImpl.java:145) [evosuite-1.0.6%20(1).jar:1.0.6]
	at java.util.concurrent.Executors$RunnableAdapter.call(Executors.java:511) [na:1.8.0_332]
	at java.util.concurrent.FutureTask.run(FutureTask.java:266) [na:1.8.0_332]
	at java.util.concurrent.ThreadPoolExecutor.runWorker(ThreadPoolExecutor.java:1149) [na:1.8.0_332]
	at java.util.concurrent.ThreadPoolExecutor$Worker.run(ThreadPoolExecutor.java:624) [na:1.8.0_332]
	at java.lang.Thread.run(Thread.java:750) [na:1.8.0_332]
Caused by: java.lang.ClassNotFoundException: Class not found: okhttp3/Request: java.lang.NullPointerException: Class not found okhttp3/Request
	at org.evosuite.instrumentation.InstrumentingClassLoader.instrumentClass(InstrumentingClassLoader.java:201) ~[evosuite-1.0.6%20(1).jar:1.0.6]
	at org.evosuite.instrumentation.InstrumentingClassLoader.loadClass(InstrumentingClassLoader.java:168) ~[evosuite-1.0.6%20(1).jar:1.0.6]
	... 24 common frames omitted
Caused by: java.lang.RuntimeException: Class not found: okhttp3/Request: java.lang.NullPointerException: Class not found okhttp3/Request
	at org.evosuite.runtime.util.ComputeClassWriter.getCommonSuperClass(ComputeClassWriter.java:58) ~[evosuite-1.0.6%20(1).jar:1.0.6]
	at org.evosuite.shaded.org.objectweb.asm.ClassWriter.getMergedType(ClassWriter.java:1729) ~[evosuite-1.0.6%20(1).jar:1.0.6]
	at org.evosuite.shaded.org.objectweb.asm.Frame.merge(Frame.java:1530) ~[evosuite-1.0.6%20(1).jar:1.0.6]
	at org.evosuite.shaded.org.objectweb.asm.Frame.merge(Frame.java:1429) ~[evosuite-1.0.6%20(1).jar:1.0.6]
	at org.evosuite.shaded.org.objectweb.asm.MethodWriter.visitMaxs(MethodWriter.java:1497) ~[evosuite-1.0.6%20(1).jar:1.0.6]
	at org.evosuite.shaded.org.objectweb.asm.MethodVisitor.visitMaxs(MethodVisitor.java:867) ~[evosuite-1.0.6%20(1).jar:1.0.6]
	at org.evosuite.shaded.org.objectweb.asm.MethodVisitor.visitMaxs(MethodVisitor.java:867) ~[evosuite-1.0.6%20(1).jar:1.0.6]
	at org.evosuite.shaded.org.objectweb.asm.MethodVisitor.visitMaxs(MethodVisitor.java:867) ~[evosuite-1.0.6%20(1).jar:1.0.6]
	at org.evosuite.runtime.instrumentation.LoopCounterMethodAdapter.visitMaxs(LoopCounterMethodAdapter.java:48) ~[evosuite-1.0.6%20(1).jar:1.0.6]
	at org.evosuite.shaded.org.objectweb.asm.tree.MethodNode.accept(MethodNode.java:835) ~[evosuite-1.0.6%20(1).jar:1.0.6]
	at org.evosuite.shaded.org.objectweb.asm.commons.JSRInlinerAdapter.visitEnd(JSRInlinerAdapter.java:187) ~[evosuite-1.0.6%20(1).jar:1.0.6]
	at org.evosuite.shaded.org.objectweb.asm.MethodVisitor.visitEnd(MethodVisitor.java:878) ~[evosuite-1.0.6%20(1).jar:1.0.6]
	at org.evosuite.shaded.org.objectweb.asm.MethodVisitor.visitEnd(MethodVisitor.java:878) ~[evosuite-1.0.6%20(1).jar:1.0.6]
	at org.evosuite.shaded.org.objectweb.asm.MethodVisitor.visitEnd(MethodVisitor.java:878) ~[evosuite-1.0.6%20(1).jar:1.0.6]
	at org.evosuite.shaded.org.objectweb.asm.tree.MethodNode.accept(MethodNode.java:838) ~[evosuite-1.0.6%20(1).jar:1.0.6]
	at org.evosuite.shaded.org.objectweb.asm.tree.MethodNode.accept(MethodNode.java:727) ~[evosuite-1.0.6%20(1).jar:1.0.6]
	at org.evosuite.shaded.org.objectweb.asm.tree.ClassNode.accept(ClassNode.java:452) ~[evosuite-1.0.6%20(1).jar:1.0.6]
	at org.evosuite.instrumentation.BytecodeInstrumentation.transformBytes(BytecodeInstrumentation.java:287) ~[evosuite-1.0.6%20(1).jar:1.0.6]
	at org.evosuite.instrumentation.InstrumentingClassLoader.getTransformedBytes(InstrumentingClassLoader.java:175) ~[evosuite-1.0.6%20(1).jar:1.0.6]
	at org.evosuite.instrumentation.InstrumentingClassLoader.instrumentClass(InstrumentingClassLoader.java:192) ~[evosuite-1.0.6%20(1).jar:1.0.6]
	... 25 common frames omitted
Caused by: java.lang.NullPointerException: Class not found okhttp3/Request
	at org.evosuite.runtime.util.ComputeClassWriter.typeInfo(ComputeClassWriter.java:186) ~[evosuite-1.0.6%20(1).jar:1.0.6]
	at org.evosuite.runtime.util.ComputeClassWriter.getCommonSuperClass(ComputeClassWriter.java:55) ~[evosuite-1.0.6%20(1).jar:1.0.6]
	... 44 common frames omitted
[MASTER] 08:10:16.294 [pool-2-thread-1] ERROR ConcreteClassAnalyzer - Removing class from inheritance tree
